\BOOKMARK [1][-]{section.1}{\376\377\000U\000s\000e\000f\000u\000l\000\040\000T\000i\000p\000s}{}% 1
\BOOKMARK [1][-]{section.2}{\376\377\000F\000o\000r\000m\000u\000l\000a}{}% 2
\BOOKMARK [2][-]{subsection.2.1}{\376\377\000A\000r\000e\000a\000\040\000F\000o\000r\000m\000u\000l\000a}{section.2}% 3
\BOOKMARK [2][-]{subsection.2.2}{\376\377\000P\000e\000r\000i\000m\000e\000t\000e\000r\000\040\000F\000o\000r\000m\000u\000l\000a\000s}{section.2}% 4
\BOOKMARK [2][-]{subsection.2.3}{\376\377\000V\000o\000l\000u\000m\000e\000\040\000F\000o\000r\000m\000u\000l\000a}{section.2}% 5
\BOOKMARK [2][-]{subsection.2.4}{\376\377\000S\000u\000r\000f\000a\000c\000e\000\040\000A\000r\000e\000a\000\040\000F\000o\000r\000m\000u\000l\000a}{section.2}% 6
\BOOKMARK [2][-]{subsection.2.5}{\376\377\000T\000r\000i\000a\000n\000g\000l\000e\000s}{section.2}% 7
\BOOKMARK [2][-]{subsection.2.6}{\376\377\000S\000u\000m\000m\000a\000t\000i\000o\000n\000\040\000O\000f\000\040\000S\000e\000r\000i\000e\000s}{section.2}% 8
\BOOKMARK [2][-]{subsection.2.7}{\376\377\000M\000i\000s\000c\000e\000l\000l\000a\000n\000e\000o\000u\000s}{section.2}% 9
\BOOKMARK [1][-]{section.3}{\376\377\000G\000r\000a\000p\000h\000\040\000T\000h\000e\000o\000r\000y}{}% 10
\BOOKMARK [2][-]{subsection.3.1}{\376\377\000B\000F\000S}{section.3}% 11
\BOOKMARK [2][-]{subsection.3.2}{\376\377\000D\000F\000S}{section.3}% 12
\BOOKMARK [2][-]{subsection.3.3}{\376\377\000D\000i\000j\000k\000s\000t\000r\000a\000\040\000A\000l\000g\000o\000r\000i\000t\000h\000m}{section.3}% 13
\BOOKMARK [2][-]{subsection.3.4}{\376\377\000B\000e\000l\000l\000m\000a\000n\000\040\000F\000o\000r\000d}{section.3}% 14
\BOOKMARK [2][-]{subsection.3.5}{\376\377\000F\000l\000o\000y\000e\000d\000\040\000W\000a\000r\000s\000h\000a\000l\000l\000\040\000A\000l\000g\000o\000r\000i\000t\000h\000m}{section.3}% 15
\BOOKMARK [2][-]{subsection.3.6}{\376\377\000K\000r\000u\000s\000k\000a\000l\000\040\000A\000l\000g\000o\000r\000i\000t\000h\000m\000\040\000\050\000M\000S\000T\000\040\000\051}{section.3}% 16
\BOOKMARK [2][-]{subsection.3.7}{\376\377\000P\000r\000i\000m\000s\000\040\000A\000l\000g\000o\000r\000i\000t\000h\000m\000\040\000\050\000M\000S\000T\000\040\000\051}{section.3}% 17
\BOOKMARK [2][-]{subsection.3.8}{\376\377\000S\000t\000r\000o\000n\000g\000l\000y\000\040\000C\000o\000n\000n\000e\000c\000t\000e\000d\000\040\000C\000o\000m\000p\000o\000n\000e\000n\000t\000s}{section.3}% 18
\BOOKMARK [2][-]{subsection.3.9}{\376\377\000L\000C\000A}{section.3}% 19
\BOOKMARK [2][-]{subsection.3.10}{\376\377\000M\000a\000x\000\040\000F\000l\000o\000w}{section.3}% 20
\BOOKMARK [1][-]{section.4}{\376\377\000D\000a\000t\000a\000\040\000S\000t\000r\000u\000c\000t\000u\000r\000e\000s}{}% 21
\BOOKMARK [2][-]{subsection.4.1}{\376\377\000S\000e\000g\000m\000e\000n\000t\000\040\000T\000r\000e\000e}{section.4}% 22
\BOOKMARK [2][-]{subsection.4.2}{\376\377\000S\000e\000g\000m\000e\000n\000t\000\040\000T\000r\000e\000e\000\040\000L\000a\000z\000y}{section.4}% 23
\BOOKMARK [2][-]{subsection.4.3}{\376\377\000F\000e\000n\000w\000i\000c\000k\000\040\000T\000r\000e\000e}{section.4}% 24
\BOOKMARK [2][-]{subsection.4.4}{\376\377\000D\000i\000s\000j\000o\000i\000n\000t\000S\000e\000t}{section.4}% 25
\BOOKMARK [2][-]{subsection.4.5}{\376\377\000T\000R\000I\000E}{section.4}% 26
\BOOKMARK [1][-]{section.5}{\376\377\000A\000l\000g\000o\000r\000i\000t\000h\000m\000s}{}% 27
\BOOKMARK [2][-]{subsection.5.1}{\376\377\000K\000M\000P}{section.5}% 28
\BOOKMARK [2][-]{subsection.5.2}{\376\377\000M\000o\000n\000o\000t\000o\000n\000i\000c\000\040\000S\000t\000a\000c\000k\000\040\000\050\000I\000m\000m\000e\000d\000i\000a\000t\000e\000\040\000S\000m\000a\000l\000l\000\051}{section.5}% 29
\BOOKMARK [2][-]{subsection.5.3}{\376\377\000K\000a\000d\000a\000n\000e\040\031\000s\000\040\000A\000l\000g\000o\000r\000i\000t\000h\000m}{section.5}% 30
\BOOKMARK [2][-]{subsection.5.4}{\376\377\0002\000D\000\040\000P\000r\000e\000f\000i\000x\000\040\000S\000u\000m}{section.5}% 31
\BOOKMARK [1][-]{section.6}{\376\377\000N\000u\000m\000b\000e\000r\000\040\000T\000h\000e\000o\000r\000y\000/\000M\000a\000t\000h}{}% 32
\BOOKMARK [2][-]{subsection.6.1}{\376\377\000n\000C\000r}{section.6}% 33
\BOOKMARK [2][-]{subsection.6.2}{\376\377\000P\000o\000w\000e\000r}{section.6}% 34
\BOOKMARK [2][-]{subsection.6.3}{\376\377\000M\000i\000l\000l\000e\000r\000\040\000R\000a\000b\000i\000n}{section.6}% 35
\BOOKMARK [2][-]{subsection.6.4}{\376\377\000S\000i\000e\000v\000e}{section.6}% 36
\BOOKMARK [2][-]{subsection.6.5}{\376\377\000I\000n\000v\000e\000r\000s\000e\000\040\000M\000o\000d}{section.6}% 37
\BOOKMARK [2][-]{subsection.6.6}{\376\377\000B\000i\000t\000s\000e\000t\000\040\000S\000i\000e\000v\000e}{section.6}% 38
\BOOKMARK [2][-]{subsection.6.7}{\376\377\000D\000i\000v\000i\000s\000o\000r\000s}{section.6}% 39
\BOOKMARK [2][-]{subsection.6.8}{\376\377\000E\000u\000l\000e\000r\000'\000s\000\040\000T\000o\000t\000i\000e\000n\000t\000\040\000P\000h\000i\000\040\000F\000u\000n\000c\000t\000i\000o\000n}{section.6}% 40
\BOOKMARK [2][-]{subsection.6.9}{\376\377\000L\000o\000g\000\040\000a\000\040\000b\000a\000s\000e\000\040\000b}{section.6}% 41
\BOOKMARK [1][-]{section.7}{\376\377\000D\000y\000n\000a\000m\000i\000c\000\040\000P\000r\000o\000g\000r\000a\000m\000m\000i\000n\000g}{}% 42
\BOOKMARK [2][-]{subsection.7.1}{\376\377\000L\000C\000S}{section.7}% 43
\BOOKMARK [2][-]{subsection.7.2}{\376\377\000L\000I\000S}{section.7}% 44
